#! /usr/bin/vvp
:ivl_version "11.0 (stable)";
:ivl_delay_selection "TYPICAL";
:vpi_time_precision - 12;
:vpi_module "/usr/lib/x86_64-linux-gnu/ivl/system.vpi";
:vpi_module "/usr/lib/x86_64-linux-gnu/ivl/vhdl_sys.vpi";
:vpi_module "/usr/lib/x86_64-linux-gnu/ivl/vhdl_textio.vpi";
:vpi_module "/usr/lib/x86_64-linux-gnu/ivl/v2005_math.vpi";
:vpi_module "/usr/lib/x86_64-linux-gnu/ivl/va_math.vpi";
S_0x619c664eac90 .scope module, "Merge2_tb" "Merge2_tb" 2 3;
 .timescale -9 -12;
P_0x619c66146d70 .param/l "CLOCK_PERIOD" 1 2 51, +C4<00000000000000000000000000001010>;
P_0x619c66146db0 .param/l "DATA_W" 1 2 7, +C4<00000000000000000000000000100000>;
P_0x619c66146df0 .param/l "DELAY_W" 1 2 6, +C4<00000000000000000000000000000111>;
P_0x619c66146e30 .param/l "SIM_TIME_NO_DONE" 1 2 102, +C4<00000000000000000000000000001010>;
v0x619c66456110_0 .var "clk", 0 0;
v0x619c66456fb0_0 .var "delay0", 6 0;
v0x619c66469bd0_0 .var/i "i", 31 0;
v0x619c6644a440_0 .var "in0", 31 0;
v0x619c6644a2c0_0 .var "in1", 31 0;
v0x619c66449e20_0 .var "in10", 31 0;
v0x619c66456860_0 .var "in11", 31 0;
v0x619c66422d30_0 .var "in12", 31 0;
v0x619c66422a20_0 .var "in13", 31 0;
v0x619c66422bb0_0 .var "in14", 31 0;
v0x619c6642d9f0_0 .var "in15", 31 0;
v0x619c66436900_0 .var "in16", 31 0;
v0x619c664348e0_0 .var "in17", 31 0;
v0x619c66439bf0_0 .var "in18", 31 0;
v0x619c66404610_0 .var "in19", 31 0;
v0x619c663f0a80_0 .var "in2", 31 0;
v0x619c663f0c00_0 .var "in20", 31 0;
v0x619c663e5fe0_0 .var "in21", 31 0;
v0x619c663dbf80_0 .var "in22", 31 0;
v0x619c663dc100_0 .var "in23", 31 0;
v0x619c66414750_0 .var "in24", 31 0;
v0x619c66404490_0 .var "in25", 31 0;
v0x619c663b63d0_0 .var "in26", 31 0;
v0x619c663b0270_0 .var "in27", 31 0;
v0x619c6639a260_0 .var "in28", 31 0;
v0x619c6639a3e0_0 .var "in29", 31 0;
v0x619c663c7210_0 .var "in3", 31 0;
v0x619c663bf200_0 .var "in30", 31 0;
v0x619c663b5f50_0 .var "in31", 31 0;
v0x619c663b6240_0 .var "in4", 31 0;
v0x619c663aea10_0 .var "in5", 31 0;
v0x619c663251e0_0 .var "in6", 31 0;
v0x619c66337480_0 .var "in7", 31 0;
v0x619c6633b200_0 .var "in8", 31 0;
v0x619c66342c60_0 .var "in9", 31 0;
v0x619c66388ed0_0 .net "out0", 31 0, v0x619c6648f810_0;  1 drivers
v0x619c66389360_0 .var "rst", 0 0;
v0x619c66396be0_0 .var "run", 0 0;
v0x619c663321d0_0 .var "running", 0 0;
S_0x619c6615ef10 .scope task, "RunAccelerator" "RunAccelerator" 2 104, 2 104 0, S_0x619c664eac90;
 .timescale -9 -12;
E_0x619c6616ebb0 .event posedge, v0x619c664f50b0_0;
TD_Merge2_tb.RunAccelerator ;
    %pushi/vec4 1, 0, 1;
    %store/vec4 v0x619c66396be0_0, 0, 1;
    %wait E_0x619c6616ebb0;
    %delay 5000, 0;
    %pushi/vec4 0, 0, 1;
    %store/vec4 v0x619c66396be0_0, 0, 1;
    %pushi/vec4 1, 0, 1;
    %store/vec4 v0x619c663321d0_0, 0, 1;
    %wait E_0x619c6616ebb0;
    %delay 5000, 0;
    %pushi/vec4 0, 0, 32;
    %store/vec4 v0x619c66469bd0_0, 0, 32;
T_0.0 ;
    %load/vec4 v0x619c66469bd0_0;
    %cmpi/s 10, 0, 32;
    %jmp/0xz T_0.1, 5;
    %wait E_0x619c6616ebb0;
    %delay 5000, 0;
    %load/vec4 v0x619c66469bd0_0;
    %addi 1, 0, 32;
    %store/vec4 v0x619c66469bd0_0, 0, 32;
    %jmp T_0.0;
T_0.1 ;
    %pushi/vec4 0, 0, 1;
    %store/vec4 v0x619c663321d0_0, 0, 1;
    %end;
S_0x619c6615f0a0 .scope module, "uut" "Merge2" 2 60, 3 3 0, S_0x619c664eac90;
 .timescale -9 -12;
    .port_info 0 /INPUT 1 "clk";
    .port_info 1 /INPUT 1 "rst";
    .port_info 2 /INPUT 1 "running";
    .port_info 3 /INPUT 1 "run";
    .port_info 4 /INPUT 32 "in0";
    .port_info 5 /INPUT 32 "in1";
    .port_info 6 /INPUT 32 "in2";
    .port_info 7 /INPUT 32 "in3";
    .port_info 8 /INPUT 32 "in4";
    .port_info 9 /INPUT 32 "in5";
    .port_info 10 /INPUT 32 "in6";
    .port_info 11 /INPUT 32 "in7";
    .port_info 12 /INPUT 32 "in8";
    .port_info 13 /INPUT 32 "in9";
    .port_info 14 /INPUT 32 "in10";
    .port_info 15 /INPUT 32 "in11";
    .port_info 16 /INPUT 32 "in12";
    .port_info 17 /INPUT 32 "in13";
    .port_info 18 /INPUT 32 "in14";
    .port_info 19 /INPUT 32 "in15";
    .port_info 20 /INPUT 32 "in16";
    .port_info 21 /INPUT 32 "in17";
    .port_info 22 /INPUT 32 "in18";
    .port_info 23 /INPUT 32 "in19";
    .port_info 24 /INPUT 32 "in20";
    .port_info 25 /INPUT 32 "in21";
    .port_info 26 /INPUT 32 "in22";
    .port_info 27 /INPUT 32 "in23";
    .port_info 28 /INPUT 32 "in24";
    .port_info 29 /INPUT 32 "in25";
    .port_info 30 /INPUT 32 "in26";
    .port_info 31 /INPUT 32 "in27";
    .port_info 32 /INPUT 32 "in28";
    .port_info 33 /INPUT 32 "in29";
    .port_info 34 /INPUT 32 "in30";
    .port_info 35 /INPUT 32 "in31";
    .port_info 36 /OUTPUT 32 "out0";
    .port_info 37 /INPUT 7 "delay0";
P_0x619c664f4540 .param/l "DATA_W" 0 3 5, +C4<00000000000000000000000000100000>;
P_0x619c664f4580 .param/l "DELAY_W" 0 3 4, +C4<00000000000000000000000000000111>;
L_0x619c663d2700 .functor BUFZ 32, v0x619c6644a440_0, C4<00000000000000000000000000000000>, C4<00000000000000000000000000000000>, C4<00000000000000000000000000000000>;
L_0x619c6633ed60 .functor BUFZ 32, v0x619c6644a2c0_0, C4<00000000000000000000000000000000>, C4<00000000000000000000000000000000>, C4<00000000000000000000000000000000>;
L_0x619c66327f60 .functor BUFZ 32, v0x619c663f0a80_0, C4<00000000000000000000000000000000>, C4<00000000000000000000000000000000>, C4<00000000000000000000000000000000>;
L_0x619c66298420 .functor BUFZ 32, v0x619c663c7210_0, C4<00000000000000000000000000000000>, C4<00000000000000000000000000000000>, C4<00000000000000000000000000000000>;
L_0x619c66292630 .functor BUFZ 32, v0x619c663b6240_0, C4<00000000000000000000000000000000>, C4<00000000000000000000000000000000>, C4<00000000000000000000000000000000>;
L_0x619c661a2140 .functor BUFZ 32, v0x619c663aea10_0, C4<00000000000000000000000000000000>, C4<00000000000000000000000000000000>, C4<00000000000000000000000000000000>;
L_0x619c6616e630 .functor BUFZ 32, v0x619c663251e0_0, C4<00000000000000000000000000000000>, C4<00000000000000000000000000000000>, C4<00000000000000000000000000000000>;
L_0x619c664dc870 .functor BUFZ 32, v0x619c66337480_0, C4<00000000000000000000000000000000>, C4<00000000000000000000000000000000>, C4<00000000000000000000000000000000>;
L_0x619c664dd500 .functor BUFZ 32, v0x619c6633b200_0, C4<00000000000000000000000000000000>, C4<00000000000000000000000000000000>, C4<00000000000000000000000000000000>;
L_0x619c664d6c50 .functor BUFZ 32, v0x619c66342c60_0, C4<00000000000000000000000000000000>, C4<00000000000000000000000000000000>, C4<00000000000000000000000000000000>;
L_0x619c664de190 .functor BUFZ 32, v0x619c66449e20_0, C4<00000000000000000000000000000000>, C4<00000000000000000000000000000000>, C4<00000000000000000000000000000000>;
L_0x619c664d74b0 .functor BUFZ 32, v0x619c66456860_0, C4<00000000000000000000000000000000>, C4<00000000000000000000000000000000>, C4<00000000000000000000000000000000>;
L_0x619c664d8140 .functor BUFZ 32, v0x619c66422d30_0, C4<00000000000000000000000000000000>, C4<00000000000000000000000000000000>, C4<00000000000000000000000000000000>;
L_0x619c664de5c0 .functor BUFZ 32, v0x619c66422a20_0, C4<00000000000000000000000000000000>, C4<00000000000000000000000000000000>, C4<00000000000000000000000000000000>;
L_0x619c664dede0 .functor BUFZ 32, v0x619c66422bb0_0, C4<00000000000000000000000000000000>, C4<00000000000000000000000000000000>, C4<00000000000000000000000000000000>;
L_0x619c664e30d0 .functor BUFZ 32, v0x619c6642d9f0_0, C4<00000000000000000000000000000000>, C4<00000000000000000000000000000000>, C4<00000000000000000000000000000000>;
L_0x619c662ffad0 .functor BUFZ 32, v0x619c66436900_0, C4<00000000000000000000000000000000>, C4<00000000000000000000000000000000>, C4<00000000000000000000000000000000>;
L_0x619c6630cd10 .functor BUFZ 32, v0x619c664348e0_0, C4<00000000000000000000000000000000>, C4<00000000000000000000000000000000>, C4<00000000000000000000000000000000>;
L_0x619c66300730 .functor BUFZ 32, v0x619c66439bf0_0, C4<00000000000000000000000000000000>, C4<00000000000000000000000000000000>, C4<00000000000000000000000000000000>;
L_0x619c663042f0 .functor BUFZ 32, v0x619c66404610_0, C4<00000000000000000000000000000000>, C4<00000000000000000000000000000000>, C4<00000000000000000000000000000000>;
L_0x619c66304eb0 .functor BUFZ 32, v0x619c663f0c00_0, C4<00000000000000000000000000000000>, C4<00000000000000000000000000000000>, C4<00000000000000000000000000000000>;
L_0x619c66305a70 .functor BUFZ 32, v0x619c663e5fe0_0, C4<00000000000000000000000000000000>, C4<00000000000000000000000000000000>, C4<00000000000000000000000000000000>;
L_0x619c66306630 .functor BUFZ 32, v0x619c663dbf80_0, C4<00000000000000000000000000000000>, C4<00000000000000000000000000000000>, C4<00000000000000000000000000000000>;
L_0x619c663071f0 .functor BUFZ 32, v0x619c663dc100_0, C4<00000000000000000000000000000000>, C4<00000000000000000000000000000000>, C4<00000000000000000000000000000000>;
L_0x619c66301360 .functor BUFZ 32, v0x619c66414750_0, C4<00000000000000000000000000000000>, C4<00000000000000000000000000000000>, C4<00000000000000000000000000000000>;
L_0x619c66308390 .functor BUFZ 32, v0x619c66404490_0, C4<00000000000000000000000000000000>, C4<00000000000000000000000000000000>, C4<00000000000000000000000000000000>;
L_0x619c66308f50 .functor BUFZ 32, v0x619c663b63d0_0, C4<00000000000000000000000000000000>, C4<00000000000000000000000000000000>, C4<00000000000000000000000000000000>;
L_0x619c66309b10 .functor BUFZ 32, v0x619c663b0270_0, C4<00000000000000000000000000000000>, C4<00000000000000000000000000000000>, C4<00000000000000000000000000000000>;
L_0x619c6630a6d0 .functor BUFZ 32, v0x619c6639a260_0, C4<00000000000000000000000000000000>, C4<00000000000000000000000000000000>, C4<00000000000000000000000000000000>;
L_0x619c6630b290 .functor BUFZ 32, v0x619c6639a3e0_0, C4<00000000000000000000000000000000>, C4<00000000000000000000000000000000>, C4<00000000000000000000000000000000>;
L_0x619c6630b870 .functor BUFZ 32, v0x619c663bf200_0, C4<00000000000000000000000000000000>, C4<00000000000000000000000000000000>, C4<00000000000000000000000000000000>;
L_0x619c66301f20 .functor BUFZ 32, v0x619c663b5f50_0, C4<00000000000000000000000000000000>, C4<00000000000000000000000000000000>, C4<00000000000000000000000000000000>;
v0x619c664f50b0_0 .net "clk", 0 0, v0x619c66456110_0;  1 drivers
v0x619c664f5320_0 .var "counter", 4 0;
v0x619c66146fa0_0 .var "delay", 6 0;
v0x619c66147400_0 .net "delay0", 6 0, v0x619c66456fb0_0;  1 drivers
v0x619c66272840_0 .net "in0", 31 0, v0x619c6644a440_0;  1 drivers
v0x619c66427570_0 .net "in1", 31 0, v0x619c6644a2c0_0;  1 drivers
v0x619c66127380_0 .net "in10", 31 0, v0x619c66449e20_0;  1 drivers
v0x619c6647fc00_0 .net "in11", 31 0, v0x619c66456860_0;  1 drivers
v0x619c6627db10_0 .net "in12", 31 0, v0x619c66422d30_0;  1 drivers
v0x619c6627dc30_0 .net "in13", 31 0, v0x619c66422a20_0;  1 drivers
v0x619c66283830_0 .net "in14", 31 0, v0x619c66422bb0_0;  1 drivers
v0x619c6635a510_0 .net "in15", 31 0, v0x619c6642d9f0_0;  1 drivers
v0x619c66369fb0_0 .net "in16", 31 0, v0x619c66436900_0;  1 drivers
v0x619c66369e30_0 .net "in17", 31 0, v0x619c664348e0_0;  1 drivers
v0x619c66381c60_0 .net "in18", 31 0, v0x619c66439bf0_0;  1 drivers
v0x619c6626c980_0 .net "in19", 31 0, v0x619c66404610_0;  1 drivers
v0x619c664d3e00_0 .net "in2", 31 0, v0x619c663f0a80_0;  1 drivers
v0x619c6625bf80_0 .net "in20", 31 0, v0x619c663f0c00_0;  1 drivers
v0x619c6625b920_0 .net "in21", 31 0, v0x619c663e5fe0_0;  1 drivers
v0x619c66273930_0 .net "in22", 31 0, v0x619c663dbf80_0;  1 drivers
v0x619c6626c280_0 .net "in23", 31 0, v0x619c663dc100_0;  1 drivers
v0x619c6626c400_0 .net "in24", 31 0, v0x619c66414750_0;  1 drivers
v0x619c6626cfe0_0 .net "in25", 31 0, v0x619c66404490_0;  1 drivers
v0x619c664d4440_0 .net "in26", 31 0, v0x619c663b63d0_0;  1 drivers
v0x619c66483160_0 .net "in27", 31 0, v0x619c663b0270_0;  1 drivers
v0x619c664b96c0_0 .net "in28", 31 0, v0x619c6639a260_0;  1 drivers
v0x619c664aba20_0 .net "in29", 31 0, v0x619c6639a3e0_0;  1 drivers
v0x619c664ac040_0 .net "in3", 31 0, v0x619c663c7210_0;  1 drivers
v0x619c664abbb0_0 .net "in30", 31 0, v0x619c663bf200_0;  1 drivers
v0x619c664ab8a0_0 .net "in31", 31 0, v0x619c663b5f50_0;  1 drivers
v0x619c664d1a40_0 .net "in4", 31 0, v0x619c663b6240_0;  1 drivers
v0x619c66483470_0 .net "in5", 31 0, v0x619c663aea10_0;  1 drivers
v0x619c66449fa0_0 .net "in6", 31 0, v0x619c663251e0_0;  1 drivers
v0x619c6646fcb0_0 .net "in7", 31 0, v0x619c66337480_0;  1 drivers
v0x619c66475ba0_0 .net "in8", 31 0, v0x619c6633b200_0;  1 drivers
v0x619c6647b090_0 .net "in9", 31 0, v0x619c66342c60_0;  1 drivers
v0x619c6648f810_0 .var "out0", 31 0;
v0x619c664832e0_0 .net "rst", 0 0, v0x619c66389360_0;  1 drivers
v0x619c66483900_0 .net "run", 0 0, v0x619c66396be0_0;  1 drivers
v0x619c66449c90_0 .net "running", 0 0, v0x619c663321d0_0;  1 drivers
v0x619c66457700 .array "select", 0 31;
v0x619c66457700_0 .net v0x619c66457700 0, 31 0, L_0x619c663d2700; 1 drivers
v0x619c66457700_1 .net v0x619c66457700 1, 31 0, L_0x619c6633ed60; 1 drivers
v0x619c66457700_2 .net v0x619c66457700 2, 31 0, L_0x619c66327f60; 1 drivers
v0x619c66457700_3 .net v0x619c66457700 3, 31 0, L_0x619c66298420; 1 drivers
v0x619c66457700_4 .net v0x619c66457700 4, 31 0, L_0x619c66292630; 1 drivers
v0x619c66457700_5 .net v0x619c66457700 5, 31 0, L_0x619c661a2140; 1 drivers
v0x619c66457700_6 .net v0x619c66457700 6, 31 0, L_0x619c6616e630; 1 drivers
v0x619c66457700_7 .net v0x619c66457700 7, 31 0, L_0x619c664dc870; 1 drivers
v0x619c66457700_8 .net v0x619c66457700 8, 31 0, L_0x619c664dd500; 1 drivers
v0x619c66457700_9 .net v0x619c66457700 9, 31 0, L_0x619c664d6c50; 1 drivers
v0x619c66457700_10 .net v0x619c66457700 10, 31 0, L_0x619c664de190; 1 drivers
v0x619c66457700_11 .net v0x619c66457700 11, 31 0, L_0x619c664d74b0; 1 drivers
v0x619c66457700_12 .net v0x619c66457700 12, 31 0, L_0x619c664d8140; 1 drivers
v0x619c66457700_13 .net v0x619c66457700 13, 31 0, L_0x619c664de5c0; 1 drivers
v0x619c66457700_14 .net v0x619c66457700 14, 31 0, L_0x619c664dede0; 1 drivers
v0x619c66457700_15 .net v0x619c66457700 15, 31 0, L_0x619c664e30d0; 1 drivers
v0x619c66457700_16 .net v0x619c66457700 16, 31 0, L_0x619c662ffad0; 1 drivers
v0x619c66457700_17 .net v0x619c66457700 17, 31 0, L_0x619c6630cd10; 1 drivers
v0x619c66457700_18 .net v0x619c66457700 18, 31 0, L_0x619c66300730; 1 drivers
v0x619c66457700_19 .net v0x619c66457700 19, 31 0, L_0x619c663042f0; 1 drivers
v0x619c66457700_20 .net v0x619c66457700 20, 31 0, L_0x619c66304eb0; 1 drivers
v0x619c66457700_21 .net v0x619c66457700 21, 31 0, L_0x619c66305a70; 1 drivers
v0x619c66457700_22 .net v0x619c66457700 22, 31 0, L_0x619c66306630; 1 drivers
v0x619c66457700_23 .net v0x619c66457700 23, 31 0, L_0x619c663071f0; 1 drivers
v0x619c66457700_24 .net v0x619c66457700 24, 31 0, L_0x619c66301360; 1 drivers
v0x619c66457700_25 .net v0x619c66457700 25, 31 0, L_0x619c66308390; 1 drivers
v0x619c66457700_26 .net v0x619c66457700 26, 31 0, L_0x619c66308f50; 1 drivers
v0x619c66457700_27 .net v0x619c66457700 27, 31 0, L_0x619c66309b10; 1 drivers
v0x619c66457700_28 .net v0x619c66457700 28, 31 0, L_0x619c6630a6d0; 1 drivers
v0x619c66457700_29 .net v0x619c66457700 29, 31 0, L_0x619c6630b290; 1 drivers
v0x619c66457700_30 .net v0x619c66457700 30, 31 0, L_0x619c6630b870; 1 drivers
v0x619c66457700_31 .net v0x619c66457700 31, 31 0, L_0x619c66301f20; 1 drivers
E_0x619c661737c0 .event posedge, v0x619c664832e0_0, v0x619c664f50b0_0;
    .scope S_0x619c6615f0a0;
T_1 ;
    %wait E_0x619c661737c0;
    %load/vec4 v0x619c664832e0_0;
    %flag_set/vec4 8;
    %jmp/0xz  T_1.0, 8;
    %pushi/vec4 0, 0, 7;
    %assign/vec4 v0x619c66146fa0_0, 0;
    %pushi/vec4 0, 0, 5;
    %assign/vec4 v0x619c664f5320_0, 0;
    %jmp T_1.1;
T_1.0 ;
    %load/vec4 v0x619c66483900_0;
    %flag_set/vec4 8;
    %jmp/0xz  T_1.2, 8;
    %load/vec4 v0x619c66147400_0;
    %assign/vec4 v0x619c66146fa0_0, 0;
    %pushi/vec4 0, 0, 5;
    %assign/vec4 v0x619c664f5320_0, 0;
    %jmp T_1.3;
T_1.2 ;
    %load/vec4 v0x619c66449c90_0;
    %flag_set/vec4 8;
    %jmp/0xz  T_1.4, 8;
    %load/vec4 v0x619c66146fa0_0;
    %or/r;
    %flag_set/vec4 8;
    %jmp/0xz  T_1.6, 8;
    %load/vec4 v0x619c66146fa0_0;
    %subi 1, 0, 7;
    %assign/vec4 v0x619c66146fa0_0, 0;
T_1.6 ;
    %load/vec4 v0x619c66146fa0_0;
    %pad/u 32;
    %cmpi/e 0, 0, 32;
    %jmp/0xz  T_1.8, 4;
    %load/vec4 v0x619c664f5320_0;
    %addi 1, 0, 5;
    %assign/vec4 v0x619c664f5320_0, 0;
T_1.8 ;
    %load/vec4 v0x619c664f5320_0;
    %pad/u 7;
    %ix/vec4 4;
    %load/vec4a v0x619c66457700, 4;
    %assign/vec4 v0x619c6648f810_0, 0;
    %jmp T_1.5;
T_1.4 ;
    %load/vec4 v0x619c66146fa0_0;
    %assign/vec4 v0x619c66146fa0_0, 0;
    %load/vec4 v0x619c664f5320_0;
    %assign/vec4 v0x619c664f5320_0, 0;
T_1.5 ;
T_1.3 ;
T_1.1 ;
    %jmp T_1;
    .thread T_1;
    .scope S_0x619c664eac90;
T_2 ;
    %pushi/vec4 0, 0, 1;
    %store/vec4 v0x619c66456110_0, 0, 1;
    %end;
    .thread T_2;
    .scope S_0x619c664eac90;
T_3 ;
    %delay 5000, 0;
    %load/vec4 v0x619c66456110_0;
    %inv;
    %store/vec4 v0x619c66456110_0, 0, 1;
    %jmp T_3;
    .thread T_3;
    .scope S_0x619c664eac90;
T_4 ;
    %vpi_call 2 124 "$dumpfile", "uut.vcd" {0 0 0};
    %vpi_call 2 125 "$dumpvars" {0 0 0};
    %pushi/vec4 0, 0, 32;
    %store/vec4 v0x619c6644a440_0, 0, 32;
    %pushi/vec4 0, 0, 32;
    %store/vec4 v0x619c6644a2c0_0, 0, 32;
    %pushi/vec4 0, 0, 32;
    %store/vec4 v0x619c663f0a80_0, 0, 32;
    %pushi/vec4 0, 0, 32;
    %store/vec4 v0x619c663c7210_0, 0, 32;
    %pushi/vec4 0, 0, 32;
    %store/vec4 v0x619c663b6240_0, 0, 32;
    %pushi/vec4 0, 0, 32;
    %store/vec4 v0x619c663aea10_0, 0, 32;
    %pushi/vec4 0, 0, 32;
    %store/vec4 v0x619c663251e0_0, 0, 32;
    %pushi/vec4 0, 0, 32;
    %store/vec4 v0x619c66337480_0, 0, 32;
    %pushi/vec4 0, 0, 32;
    %store/vec4 v0x619c6633b200_0, 0, 32;
    %pushi/vec4 0, 0, 32;
    %store/vec4 v0x619c66342c60_0, 0, 32;
    %pushi/vec4 0, 0, 32;
    %store/vec4 v0x619c66449e20_0, 0, 32;
    %pushi/vec4 0, 0, 32;
    %store/vec4 v0x619c66456860_0, 0, 32;
    %pushi/vec4 0, 0, 32;
    %store/vec4 v0x619c66422d30_0, 0, 32;
    %pushi/vec4 0, 0, 32;
    %store/vec4 v0x619c66422a20_0, 0, 32;
    %pushi/vec4 0, 0, 32;
    %store/vec4 v0x619c66422bb0_0, 0, 32;
    %pushi/vec4 0, 0, 32;
    %store/vec4 v0x619c6642d9f0_0, 0, 32;
    %pushi/vec4 0, 0, 32;
    %store/vec4 v0x619c66436900_0, 0, 32;
    %pushi/vec4 0, 0, 32;
    %store/vec4 v0x619c664348e0_0, 0, 32;
    %pushi/vec4 0, 0, 32;
    %store/vec4 v0x619c66439bf0_0, 0, 32;
    %pushi/vec4 0, 0, 32;
    %store/vec4 v0x619c66404610_0, 0, 32;
    %pushi/vec4 0, 0, 32;
    %store/vec4 v0x619c663f0c00_0, 0, 32;
    %pushi/vec4 0, 0, 32;
    %store/vec4 v0x619c663e5fe0_0, 0, 32;
    %pushi/vec4 0, 0, 32;
    %store/vec4 v0x619c663dbf80_0, 0, 32;
    %pushi/vec4 0, 0, 32;
    %store/vec4 v0x619c663dc100_0, 0, 32;
    %pushi/vec4 0, 0, 32;
    %store/vec4 v0x619c66414750_0, 0, 32;
    %pushi/vec4 0, 0, 32;
    %store/vec4 v0x619c66404490_0, 0, 32;
    %pushi/vec4 0, 0, 32;
    %store/vec4 v0x619c663b63d0_0, 0, 32;
    %pushi/vec4 0, 0, 32;
    %store/vec4 v0x619c663b0270_0, 0, 32;
    %pushi/vec4 0, 0, 32;
    %store/vec4 v0x619c6639a260_0, 0, 32;
    %pushi/vec4 0, 0, 32;
    %store/vec4 v0x619c6639a3e0_0, 0, 32;
    %pushi/vec4 0, 0, 32;
    %store/vec4 v0x619c663bf200_0, 0, 32;
    %pushi/vec4 0, 0, 32;
    %store/vec4 v0x619c663b5f50_0, 0, 32;
    %pushi/vec4 0, 0, 1;
    %store/vec4 v0x619c663321d0_0, 0, 1;
    %pushi/vec4 0, 0, 1;
    %store/vec4 v0x619c66396be0_0, 0, 1;
    %pushi/vec4 0, 0, 1;
    %store/vec4 v0x619c66456110_0, 0, 1;
    %pushi/vec4 0, 0, 1;
    %store/vec4 v0x619c66389360_0, 0, 1;
    %pushi/vec4 0, 0, 7;
    %store/vec4 v0x619c66456fb0_0, 0, 7;
    %wait E_0x619c6616ebb0;
    %delay 5000, 0;
    %pushi/vec4 1, 0, 1;
    %store/vec4 v0x619c66389360_0, 0, 1;
    %wait E_0x619c6616ebb0;
    %delay 5000, 0;
    %pushi/vec4 0, 0, 1;
    %store/vec4 v0x619c66389360_0, 0, 1;
    %wait E_0x619c6616ebb0;
    %delay 5000, 0;
    %fork TD_Merge2_tb.RunAccelerator, S_0x619c6615ef10;
    %join;
    %wait E_0x619c6616ebb0;
    %delay 5000, 0;
    %fork TD_Merge2_tb.RunAccelerator, S_0x619c6615ef10;
    %join;
    %wait E_0x619c6616ebb0;
    %delay 5000, 0;
    %vpi_call 2 185 "$finish" {0 0 0};
    %end;
    .thread T_4;
# The file index is used to find the file name in the following table.
:file_names 4;
    "N/A";
    "<interactive>";
    "Merge2_tb.v";
    "hardware/Merge2.v";
